# JRE version: OpenJDK Runtime Environment (8.0_242-b01) (build 1.8.0_242-release-1644-b01)
# Java VM: OpenJDK 64-Bit Server VM (25.242-b01 mixed mode windows-amd64 compressed oops)
Heap:
 PSYoungGen      total 234496K, used 98347K [0x00000000d5580000, 0x00000000e5c00000, 0x0000000100000000)
  eden space 218624K, 37% used [0x00000000d5580000,0x00000000da60ba10,0x00000000e2b00000)
  from space 15872K, 99% used [0x00000000e3f00000,0x00000000e4e7f418,0x00000000e4e80000)
  to   space 20480K, 0% used [0x00000000e2b00000,0x00000000e2b00000,0x00000000e3f00000)
 ParOldGen       total 108032K, used 47732K [0x0000000080000000, 0x0000000086980000, 0x00000000d5580000)
  object space 108032K, 44% used [0x0000000080000000,0x0000000082e9d088,0x0000000086980000)
 Metaspace       used 77831K, capacity 81104K, committed 81240K, reserved 1120256K
  class space    used 10479K, capacity 11094K, committed 11136K, reserved 1048576K
GC Heap History (10 events):
Event: 9.016 GC heap before
{Heap before GC invocations=17 (full 2):
 PSYoungGen      total 148480K, used 68544K [0x00000000d5580000, 0x00000000df600000, 0x0000000100000000)
  eden space 135680K, 41% used [0x00000000d5580000,0x00000000d8c66720,0x00000000dda00000)
  from space 12800K, 96% used [0x00000000de980000,0x00000000df5898e8,0x00000000df600000)
  to   space 14336K, 0% used [0x00000000dda00000,0x00000000dda00000,0x00000000de800000)
 ParOldGen       total 72704K, used 23373K [0x0000000080000000, 0x0000000084700000, 0x00000000d5580000)
  object space 72704K, 32% used [0x0000000080000000,0x00000000816d3630,0x0000000084700000)
 Metaspace       used 56743K, capacity 58970K, committed 59028K, reserved 1099776K
  class space    used 7689K, capacity 8169K, committed 8192K, reserved 1048576K
Event: 9.025 GC heap after
Heap after GC invocations=17 (full 2):
 PSYoungGen      total 150016K, used 6889K [0x00000000d5580000, 0x00000000e2e80000, 0x0000000100000000)
  eden space 135680K, 0% used [0x00000000d5580000,0x00000000d5580000,0x00000000dda00000)
  from space 14336K, 48% used [0x00000000dda00000,0x00000000de0ba468,0x00000000de800000)
  to   space 13824K, 0% used [0x00000000e2100000,0x00000000e2100000,0x00000000e2e80000)
 ParOldGen       total 72704K, used 30433K [0x0000000080000000, 0x0000000084700000, 0x00000000d5580000)
  object space 72704K, 41% used [0x0000000080000000,0x0000000081db8718,0x0000000084700000)
 Metaspace       used 56743K, capacity 58970K, committed 59028K, reserved 1099776K
  class space    used 7689K, capacity 8169K, committed 8192K, reserved 1048576K
}
Event: 9.025 GC heap before
{Heap before GC invocations=18 (full 3):
 PSYoungGen      total 150016K, used 6889K [0x00000000d5580000, 0x00000000e2e80000, 0x0000000100000000)
  eden space 135680K, 0% used [0x00000000d5580000,0x00000000d5580000,0x00000000dda00000)
  from space 14336K, 48% used [0x00000000dda00000,0x00000000de0ba468,0x00000000de800000)
  to   space 13824K, 0% used [0x00000000e2100000,0x00000000e2100000,0x00000000e2e80000)
 ParOldGen       total 72704K, used 30433K [0x0000000080000000, 0x0000000084700000, 0x00000000d5580000)
  object space 72704K, 41% used [0x0000000080000000,0x0000000081db8718,0x0000000084700000)
 Metaspace       used 56743K, capacity 58970K, committed 59028K, reserved 1099776K
  class space    used 7689K, capacity 8169K, committed 8192K, reserved 1048576K
Event: 9.201 GC heap after
Heap after GC invocations=18 (full 3):
 PSYoungGen      total 150016K, used 0K [0x00000000d5580000, 0x00000000e2e80000, 0x0000000100000000)
  eden space 135680K, 0% used [0x00000000d5580000,0x00000000d5580000,0x00000000dda00000)
  from space 14336K, 0% used [0x00000000dda00000,0x00000000dda00000,0x00000000de800000)
  to   space 13824K, 0% used [0x00000000e2100000,0x00000000e2100000,0x00000000e2e80000)
 ParOldGen       total 108032K, used 32949K [0x0000000080000000, 0x0000000086980000, 0x00000000d5580000)
  object space 108032K, 30% used [0x0000000080000000,0x000000008202d7a0,0x0000000086980000)
 Metaspace       used 56737K, capacity 58952K, committed 59028K, reserved 1099776K
  class space    used 7687K, capacity 8166K, committed 8192K, reserved 1048576K
}
Event: 10.962 GC heap before
{Heap before GC invocations=19 (full 3):
 PSYoungGen      total 150016K, used 135680K [0x00000000d5580000, 0x00000000e2e80000, 0x0000000100000000)
  eden space 135680K, 100% used [0x00000000d5580000,0x00000000dda00000,0x00000000dda00000)
  from space 14336K, 0% used [0x00000000dda00000,0x00000000dda00000,0x00000000de800000)
  to   space 13824K, 0% used [0x00000000e2100000,0x00000000e2100000,0x00000000e2e80000)
 ParOldGen       total 108032K, used 32949K [0x0000000080000000, 0x0000000086980000, 0x00000000d5580000)
  object space 108032K, 30% used [0x0000000080000000,0x000000008202d7a0,0x0000000086980000)
 Metaspace       used 65480K, capacity 68258K, committed 68440K, reserved 1107968K
  class space    used 8998K, capacity 9535K, committed 9600K, reserved 1048576K
Event: 10.974 GC heap after
Heap after GC invocations=19 (full 3):
 PSYoungGen      total 197632K, used 13802K [0x00000000d5580000, 0x00000000e2e80000, 0x0000000100000000)
  eden space 183808K, 0% used [0x00000000d5580000,0x00000000d5580000,0x00000000e0900000)
  from space 13824K, 99% used [0x00000000e2100000,0x00000000e2e7aab8,0x00000000e2e80000)
  to   space 15872K, 0% used [0x00000000e0f80000,0x00000000e0f80000,0x00000000e1f00000)
 ParOldGen       total 108032K, used 33328K [0x0000000080000000, 0x0000000086980000, 0x00000000d5580000)
  object space 108032K, 30% used [0x0000000080000000,0x000000008208c390,0x0000000086980000)
 Metaspace       used 65480K, capacity 68258K, committed 68440K, reserved 1107968K
  class space    used 8998K, capacity 9535K, committed 9600K, reserved 1048576K
}
Event: 13.727 GC heap before
{Heap before GC invocations=20 (full 3):
 PSYoungGen      total 197632K, used 197610K [0x00000000d5580000, 0x00000000e2e80000, 0x0000000100000000)
  eden space 183808K, 100% used [0x00000000d5580000,0x00000000e0900000,0x00000000e0900000)
  from space 13824K, 99% used [0x00000000e2100000,0x00000000e2e7aab8,0x00000000e2e80000)
  to   space 15872K, 0% used [0x00000000e0f80000,0x00000000e0f80000,0x00000000e1f00000)
 ParOldGen       total 108032K, used 33328K [0x0000000080000000, 0x0000000086980000, 0x00000000d5580000)
  object space 108032K, 30% used [0x0000000080000000,0x000000008208c390,0x0000000086980000)
 Metaspace       used 71543K, capacity 74604K, committed 74840K, reserved 1114112K
  class space    used 9744K, capacity 10324K, committed 10368K, reserved 1048576K
Event: 13.746 GC heap after
Heap after GC invocations=20 (full 3):
 PSYoungGen      total 206336K, used 10481K [0x00000000d5580000, 0x00000000e4e80000, 0x0000000100000000)
  eden space 190464K, 0% used [0x00000000d5580000,0x00000000d5580000,0x00000000e0f80000)
  from space 15872K, 66% used [0x00000000e0f80000,0x00000000e19bc418,0x00000000e1f00000)
  to   space 15872K, 0% used [0x00000000e3f00000,0x00000000e3f00000,0x00000000e4e80000)
 ParOldGen       total 108032K, used 40994K [0x0000000080000000, 0x0000000086980000, 0x00000000d5580000)
  object space 108032K, 37% used [0x0000000080000000,0x0000000082808b60,0x0000000086980000)
 Metaspace       used 71543K, capacity 74604K, committed 74840K, reserved 1114112K
  class space    used 9744K, capacity 10324K, committed 10368K, reserved 1048576K
}
Event: 17.393 GC heap before
{Heap before GC invocations=21 (full 3):
 PSYoungGen      total 206336K, used 200945K [0x00000000d5580000, 0x00000000e4e80000, 0x0000000100000000)
  eden space 190464K, 100% used [0x00000000d5580000,0x00000000e0f80000,0x00000000e0f80000)
  from space 15872K, 66% used [0x00000000e0f80000,0x00000000e19bc418,0x00000000e1f00000)
  to   space 15872K, 0% used [0x00000000e3f00000,0x00000000e3f00000,0x00000000e4e80000)
 ParOldGen       total 108032K, used 40994K [0x0000000080000000, 0x0000000086980000, 0x00000000d5580000)
  object space 108032K, 37% used [0x0000000080000000,0x0000000082808b60,0x0000000086980000)
 Metaspace       used 75237K, capacity 78494K, committed 78680K, reserved 1118208K
  class space    used 10153K, capacity 10755K, committed 10880K, reserved 1048576K
Event: 17.430 GC heap after
Heap after GC invocations=21 (full 3):
 PSYoungGen      total 234496K, used 15869K [0x00000000d5580000, 0x00000000e5c00000, 0x0000000100000000)
  eden space 218624K, 0% used [0x00000000d5580000,0x00000000d5580000,0x00000000e2b00000)
  from space 15872K, 99% used [0x00000000e3f00000,0x00000000e4e7f418,0x00000000e4e80000)
  to   space 20480K, 0% used [0x00000000e2b00000,0x00000000e2b00000,0x00000000e3f00000)
 ParOldGen       total 108032K, used 47732K [0x0000000080000000, 0x0000000086980000, 0x00000000d5580000)
  object space 108032K, 44% used [0x0000000080000000,0x0000000082e9d088,0x0000000086980000)
 Metaspace       used 75237K, capacity 78494K, committed 78680K, reserved 1118208K
  class space    used 10153K, capacity 10755K, committed 10880K, reserved 1048576K
}

